<!DOCTYPE html>
<html>
 <head>
  <link rel="stylesheet" type="text/css" href="style.css">
 </head>
<body>
<div class="test-case">TEST CASE: Test Login 001<div class="step ">STEP: Type in Element
<div class="action PASSED">ACTION: Wait until locator is clickable
<div class="locator">LOCATOR: //input[@name='username']</div>
</div>
<div class="action PASSED">ACTION: Send Keys testprovider@inhealth.ae
<div class="locator">LOCATOR: //input[@name='username']</div>
</div>
</div>
<div class="step ">STEP: Type in Element
<div class="action PASSED">ACTION: Wait until locator is clickable
<div class="locator">LOCATOR: //input[@name='password']</div>
</div>
<div class="action PASSED">ACTION: Send Keys Test123!
<div class="locator">LOCATOR: //input[@name='password']</div>
</div>
</div>
<div class="step ">STEP: Submit Element
<div class="action PASSED">ACTION: Wait until locator is clickable
<div class="locator">LOCATOR: //input[@name='password']</div>
</div>
<div class="action PASSED">ACTION: Submit
<div class="locator">LOCATOR: //input[@name='password']</div>
</div>
</div>
<div class="step PASSED">STEP: Wait Element
<div class="action PASSED">ACTION: Wait until locator is clickable
<div class="locator">LOCATOR: //div[contains(text(),'Eligibility')]</div>
</div>
</div>
</div>
<div class="test-case">TEST CASE: Test Fail Login 001<div class="step ">STEP: Type in Element
<div class="action PASSED">ACTION: Wait until locator is clickable
<div class="locator">LOCATOR: //input[@name='username']</div>
</div>
<div class="action PASSED">ACTION: Send Keys nhecas@inhealth.ae
<div class="locator">LOCATOR: //input[@name='username']</div>
</div>
</div>
<div class="step ">STEP: Type in Element
<div class="action PASSED">ACTION: Wait until locator is clickable
<div class="locator">LOCATOR: //input[@name='password']</div>
</div>
<div class="action PASSED">ACTION: Send Keys Test123!
<div class="locator">LOCATOR: //input[@name='password']</div>
</div>
</div>
<div class="step ">STEP: Submit Element
<div class="action PASSED">ACTION: Wait until locator is clickable
<div class="locator">LOCATOR: //input[@name='password']</div>
</div>
<div class="action PASSED">ACTION: Submit
<div class="locator">LOCATOR: //input[@name='password']</div>
</div>
</div>
<div class="step FAILED">STEP: Click Element
<div class="action FAILED">ACTION: Wait until locator is clickable
<div class="locator">LOCATOR: //div[contains(text(),'Eligibility')]</div>
<div class="exception">EXCEPTION: java.lang.NoClassDefFoundError: org/openqa/selenium/WrapsDriver
	at org.openqa.selenium.support.ui.WebDriverWait.timeoutException(WebDriverWait.java:97)
	at org.openqa.selenium.support.ui.FluentWait.until(FluentWait.java:272)
	at architecture.SeleniumArch.clickElement(SeleniumArch.java:96)
	at testSuites.TestCases.failLogin(TestCases.java:76)
	at sun.reflect.NativeMethodAccessorImpl.invoke0(Native Method)
	at sun.reflect.NativeMethodAccessorImpl.invoke(NativeMethodAccessorImpl.java:62)
	at sun.reflect.DelegatingMethodAccessorImpl.invoke(DelegatingMethodAccessorImpl.java:43)
	at java.lang.reflect.Method.invoke(Method.java:498)
	at org.junit.runners.model.FrameworkMethod$1.runReflectiveCall(FrameworkMethod.java:50)
	at org.junit.internal.runners.model.ReflectiveCallable.run(ReflectiveCallable.java:12)
	at org.junit.runners.model.FrameworkMethod.invokeExplosively(FrameworkMethod.java:47)
	at org.junit.internal.runners.statements.InvokeMethod.evaluate(InvokeMethod.java:17)
	at org.junit.internal.runners.statements.RunBefores.evaluate(RunBefores.java:26)
	at org.junit.internal.runners.statements.RunAfters.evaluate(RunAfters.java:27)
	at org.junit.runners.ParentRunner.runLeaf(ParentRunner.java:325)
	at org.junit.runners.BlockJUnit4ClassRunner.runChild(BlockJUnit4ClassRunner.java:78)
	at org.junit.runners.BlockJUnit4ClassRunner.runChild(BlockJUnit4ClassRunner.java:57)
	at org.junit.runners.ParentRunner$3.run(ParentRunner.java:290)
	at org.junit.runners.ParentRunner$1.schedule(ParentRunner.java:71)
	at org.junit.runners.ParentRunner.runChildren(ParentRunner.java:288)
	at org.junit.runners.ParentRunner.access$000(ParentRunner.java:58)
	at org.junit.runners.ParentRunner$2.evaluate(ParentRunner.java:268)
	at org.junit.internal.runners.statements.RunBefores.evaluate(RunBefores.java:26)
	at org.junit.internal.runners.statements.RunAfters.evaluate(RunAfters.java:27)
	at org.junit.runners.ParentRunner.run(ParentRunner.java:363)
	at org.junit.runners.Suite.runChild(Suite.java:128)
	at org.junit.runners.Suite.runChild(Suite.java:27)
	at org.junit.runners.ParentRunner$3.run(ParentRunner.java:290)
	at org.junit.runners.ParentRunner$1.schedule(ParentRunner.java:71)
	at org.junit.runners.ParentRunner.runChildren(ParentRunner.java:288)
	at org.junit.runners.ParentRunner.access$000(ParentRunner.java:58)
	at org.junit.runners.ParentRunner$2.evaluate(ParentRunner.java:268)
	at org.junit.runners.ParentRunner.run(ParentRunner.java:363)
	at org.junit.runner.JUnitCore.run(JUnitCore.java:137)
	at com.intellij.junit4.JUnit4IdeaTestRunner.startRunnerWithArgs(JUnit4IdeaTestRunner.java:68)
	at com.intellij.rt.execution.junit.IdeaTestRunner$Repeater.startRunnerWithArgs(IdeaTestRunner.java:47)
	at com.intellij.rt.execution.junit.JUnitStarter.prepareStreamsAndStart(JUnitStarter.java:242)
	at com.intellij.rt.execution.junit.JUnitStarter.main(JUnitStarter.java:70)
Caused by: java.lang.ClassNotFoundException: org.openqa.selenium.WrapsDriver
	at java.net.URLClassLoader.findClass(URLClassLoader.java:381)
	at java.lang.ClassLoader.loadClass(ClassLoader.java:424)
	at sun.misc.Launcher$AppClassLoader.loadClass(Launcher.java:349)
	at java.lang.ClassLoader.loadClass(ClassLoader.java:357)
	... 38 more
</div>
<div class="screenshot"><a href="screenshots/screenshots/1542964846747.png"><img src="screenshots/1542964846747.png"></a></div>
</div>
</div>
</div>
<div class="test-case">TEST CASE: Test Fail Login 002<div class="step ">STEP: Type in Element
<div class="action PASSED">ACTION: Wait until locator is clickable
<div class="locator">LOCATOR: //input[@name='username']</div>
</div>
<div class="action PASSED">ACTION: Send Keys nhecas@inhealth.ae
<div class="locator">LOCATOR: //input[@name='username']</div>
</div>
</div>
<div class="step ">STEP: Type in Element
<div class="action PASSED">ACTION: Wait until locator is clickable
<div class="locator">LOCATOR: //input[@name='password']</div>
</div>
<div class="action PASSED">ACTION: Send Keys Test123!
<div class="locator">LOCATOR: //input[@name='password']</div>
</div>
</div>
<div class="step ">STEP: Submit Element
<div class="action PASSED">ACTION: Wait until locator is clickable
<div class="locator">LOCATOR: //input[@name='password']</div>
</div>
<div class="action PASSED">ACTION: Submit
<div class="locator">LOCATOR: //input[@name='password']</div>
</div>
</div>
<div class="step FAILED">STEP: Click Element
<div class="action FAILED">ACTION: Wait until locator is clickable
<div class="locator">LOCATOR: //div[contains(text(),'Eligibility')]</div>
<div class="exception">EXCEPTION: java.lang.NoClassDefFoundError: org/openqa/selenium/WrapsDriver
	at org.openqa.selenium.support.ui.WebDriverWait.timeoutException(WebDriverWait.java:97)
	at org.openqa.selenium.support.ui.FluentWait.until(FluentWait.java:272)
	at architecture.SeleniumArch.clickElement(SeleniumArch.java:96)
	at testSuites.TestCases.failLogin2(TestCases.java:87)
	at sun.reflect.NativeMethodAccessorImpl.invoke0(Native Method)
	at sun.reflect.NativeMethodAccessorImpl.invoke(NativeMethodAccessorImpl.java:62)
	at sun.reflect.DelegatingMethodAccessorImpl.invoke(DelegatingMethodAccessorImpl.java:43)
	at java.lang.reflect.Method.invoke(Method.java:498)
	at org.junit.runners.model.FrameworkMethod$1.runReflectiveCall(FrameworkMethod.java:50)
	at org.junit.internal.runners.model.ReflectiveCallable.run(ReflectiveCallable.java:12)
	at org.junit.runners.model.FrameworkMethod.invokeExplosively(FrameworkMethod.java:47)
	at org.junit.internal.runners.statements.InvokeMethod.evaluate(InvokeMethod.java:17)
	at org.junit.internal.runners.statements.RunBefores.evaluate(RunBefores.java:26)
	at org.junit.internal.runners.statements.RunAfters.evaluate(RunAfters.java:27)
	at org.junit.runners.ParentRunner.runLeaf(ParentRunner.java:325)
	at org.junit.runners.BlockJUnit4ClassRunner.runChild(BlockJUnit4ClassRunner.java:78)
	at org.junit.runners.BlockJUnit4ClassRunner.runChild(BlockJUnit4ClassRunner.java:57)
	at org.junit.runners.ParentRunner$3.run(ParentRunner.java:290)
	at org.junit.runners.ParentRunner$1.schedule(ParentRunner.java:71)
	at org.junit.runners.ParentRunner.runChildren(ParentRunner.java:288)
	at org.junit.runners.ParentRunner.access$000(ParentRunner.java:58)
	at org.junit.runners.ParentRunner$2.evaluate(ParentRunner.java:268)
	at org.junit.internal.runners.statements.RunBefores.evaluate(RunBefores.java:26)
	at org.junit.internal.runners.statements.RunAfters.evaluate(RunAfters.java:27)
	at org.junit.runners.ParentRunner.run(ParentRunner.java:363)
	at org.junit.runners.Suite.runChild(Suite.java:128)
	at org.junit.runners.Suite.runChild(Suite.java:27)
	at org.junit.runners.ParentRunner$3.run(ParentRunner.java:290)
	at org.junit.runners.ParentRunner$1.schedule(ParentRunner.java:71)
	at org.junit.runners.ParentRunner.runChildren(ParentRunner.java:288)
	at org.junit.runners.ParentRunner.access$000(ParentRunner.java:58)
	at org.junit.runners.ParentRunner$2.evaluate(ParentRunner.java:268)
	at org.junit.runners.ParentRunner.run(ParentRunner.java:363)
	at org.junit.runner.JUnitCore.run(JUnitCore.java:137)
	at com.intellij.junit4.JUnit4IdeaTestRunner.startRunnerWithArgs(JUnit4IdeaTestRunner.java:68)
	at com.intellij.rt.execution.junit.IdeaTestRunner$Repeater.startRunnerWithArgs(IdeaTestRunner.java:47)
	at com.intellij.rt.execution.junit.JUnitStarter.prepareStreamsAndStart(JUnitStarter.java:242)
	at com.intellij.rt.execution.junit.JUnitStarter.main(JUnitStarter.java:70)
</div>
<div class="screenshot"><a href="screenshots/screenshots/1542964873547.png"><img src="screenshots/1542964873547.png"></a></div>
</div>
</div>
</div>
<div class="test-case">TEST CASE: Test Login 002<div class="step ">STEP: Type in Element
<div class="action PASSED">ACTION: Wait until locator is clickable
<div class="locator">LOCATOR: //input[@name='username']</div>
</div>
<div class="action PASSED">ACTION: Send Keys testprovider@inhealth.ae
<div class="locator">LOCATOR: //input[@name='username']</div>
</div>
</div>
<div class="step ">STEP: Type in Element
<div class="action PASSED">ACTION: Wait until locator is clickable
<div class="locator">LOCATOR: //input[@name='password']</div>
</div>
<div class="action PASSED">ACTION: Send Keys Test123!
<div class="locator">LOCATOR: //input[@name='password']</div>
</div>
</div>
<div class="step ">STEP: Submit Element
<div class="action PASSED">ACTION: Wait until locator is clickable
<div class="locator">LOCATOR: //input[@name='password']</div>
</div>
<div class="action PASSED">ACTION: Submit
<div class="locator">LOCATOR: //input[@name='password']</div>
</div>
</div>
<div class="step PASSED">STEP: Wait Element
<div class="action PASSED">ACTION: Wait until locator is clickable
<div class="locator">LOCATOR: //div[contains(text(),'Eligibility')]</div>
</div>
</div>
</div>
</body>
</html>